<?xml version="1.0" encoding="UTF-8"?>
<!-- Generated by org.testng.reporters.JUnitXMLReporter -->
<testsuite ignored="0" hostname="DESKTOP-7DGNRCH" failures="0" tests="4" name="Default test" time="15.925" errors="0" timestamp="2023-07-13T16:21:36 IST">
  <testcase classname="Tests.Base" name="navigateToWeatherData" time="7.514"/>
  <testcase classname="Tests.Base" name="searchCityWeatherData" time="2.07"/>
  <testcase classname="Tests.Base" name="weatherForcastValidation" time="1.277"/>
  <testcase classname="Tests.Base" name="graphicalGridValidation" time="0.172"/>
</testsuite> <!-- Default test -->
