<?xml version="1.0" encoding="UTF-8"?>
<!-- Generated by org.testng.reporters.JUnitXMLReporter -->
<testsuite ignored="0" hostname="DESKTOP-7DGNRCH" failures="0" tests="4" name="Test" time="17.03" errors="0" timestamp="2023-07-13T16:25:47 IST">
  <testcase classname="Tests.Base" name="navigateToWeatherData" time="7.041"/>
  <testcase classname="Tests.Base" name="searchCityWeatherData" time="1.917"/>
  <testcase classname="Tests.Base" name="weatherForcastValidation" time="1.331"/>
  <testcase classname="Tests.Base" name="graphicalGridValidation" time="0.196"/>
</testsuite> <!-- Test -->
