<?xml version="1.0" encoding="UTF-8"?>
<testng-results ignored="0" total="4" passed="4" failed="0" skipped="0">
  <reporter-output>
  </reporter-output>
  <suite started-at="2023-07-13T16:25:29 IST" name="Suite" finished-at="2023-07-13T16:25:47 IST" duration-ms="17030">
    <groups>
    </groups>
    <test started-at="2023-07-13T16:25:29 IST" name="Test" finished-at="2023-07-13T16:25:47 IST" duration-ms="17030">
      <class name="Tests.Base">
        <test-method is-config="true" signature="setUp()[pri:0, instance:Tests.Base@f09733f]" started-at="2023-07-13T16:25:30 IST" name="setUp" finished-at="2023-07-13T16:25:35 IST" duration-ms="4897" status="PASS">
          <reporter-output>
          </reporter-output>
        </test-method> <!-- setUp -->
        <test-method signature="navigateToWeatherData()[pri:1, instance:Tests.Base@f09733f]" started-at="2023-07-13T16:25:35 IST" name="navigateToWeatherData" finished-at="2023-07-13T16:25:42 IST" duration-ms="7041" status="PASS">
          <reporter-output>
          </reporter-output>
        </test-method> <!-- navigateToWeatherData -->
        <test-method signature="searchCityWeatherData()[pri:2, instance:Tests.Base@f09733f]" started-at="2023-07-13T16:25:42 IST" name="searchCityWeatherData" finished-at="2023-07-13T16:25:44 IST" duration-ms="1917" status="PASS">
          <reporter-output>
          </reporter-output>
        </test-method> <!-- searchCityWeatherData -->
        <test-method signature="weatherForcastValidation()[pri:3, instance:Tests.Base@f09733f]" started-at="2023-07-13T16:25:44 IST" name="weatherForcastValidation" finished-at="2023-07-13T16:25:46 IST" duration-ms="1331" status="PASS">
          <reporter-output>
          </reporter-output>
        </test-method> <!-- weatherForcastValidation -->
        <test-method signature="graphicalGridValidation()[pri:4, instance:Tests.Base@f09733f]" started-at="2023-07-13T16:25:46 IST" name="graphicalGridValidation" finished-at="2023-07-13T16:25:46 IST" duration-ms="196" status="PASS">
          <reporter-output>
          </reporter-output>
        </test-method> <!-- graphicalGridValidation -->
        <test-method is-config="true" signature="closeConnection()[pri:0, instance:Tests.Base@f09733f]" started-at="2023-07-13T16:25:46 IST" name="closeConnection" finished-at="2023-07-13T16:25:47 IST" duration-ms="785" status="PASS">
          <reporter-output>
          </reporter-output>
        </test-method> <!-- closeConnection -->
      </class> <!-- Tests.Base -->
    </test> <!-- Test -->
  </suite> <!-- Suite -->
</testng-results>
